17:13:32.420  INFO  manager.ApplicationManager - All tests run in chrome browser
17:13:33.294  INFO  manager.ApplicationManager - Current Url---->https://contacts-app.tobbymarshall815.vercel.app/home
17:13:33.322  INFO  tests.TestBase - Start method with name--->loginSuccess2
17:13:38.347  INFO  tests.TestBase - Test stars with dataLogin
17:13:38.347  INFO  manager.MyListener - WebDriver start find element---->By.cssSelector: [href$='/login']
17:13:38.370  INFO  manager.MyListener - WebDriver found element by locator---->By.cssSelector: [href$='/login']
17:13:38.419  INFO  manager.MyListener - WebDriver start find element---->By.xpath: //input[1]
17:13:38.445  INFO  manager.MyListener - WebDriver found element by locator---->By.xpath: //input[1]
17:13:39.252  INFO  manager.MyListener - WebDriver start find element---->By.xpath: //input[2]
17:13:39.272  INFO  manager.MyListener - WebDriver found element by locator---->By.xpath: //input[2]
17:13:39.358  INFO  manager.MyListener - WebDriver start find element---->By.xpath: //button[1]
17:13:39.376  INFO  manager.MyListener - WebDriver found element by locator---->By.xpath: //button[1]
17:13:39.980  INFO  tests.TestBase - Start method with name--->loginSuccess2
17:13:39.995  INFO  manager.MyListener - The name of method with error-->findElements
17:13:39.999  INFO  manager.MyListener - We have a problem--->org.openqa.selenium.UnhandledAlertException: unexpected alert open: {Alert text : Undefined Error 500}
  (Session info: chrome=103.0.5060.134): Undefined Error 500
Build info: version: '4.2.2', revision: '683ccb65d6'
System info: host: 'DESKTOP-O54QV38', ip: '192.168.14.148', os.name: 'Windows 10', os.arch: 'amd64', os.version: '10.0', java.version: '13.0.2'
Driver info: org.openqa.selenium.chrome.ChromeDriver
Command: [8fe063b1a6c4df01836b4f3391603af0, findElements {using=xpath, value=//button[text()='Sign Out']}]
Capabilities {acceptInsecureCerts: false, browserName: chrome, browserVersion: 103.0.5060.134, chrome: {chromedriverVersion: 102.0.5005.27 (df4a85108ffa..., userDataDir: C:\Users\allan\AppData\Loca...}, goog:chromeOptions: {debuggerAddress: localhost:61389}, networkConnectionEnabled: false, pageLoadStrategy: normal, platformName: WINDOWS, proxy: Proxy(), se:cdp: ws://localhost:61389/devtoo..., se:cdpVersion: 103.0.5060.134, setWindowRect: true, strictFileInteractability: false, timeouts: {implicit: 0, pageLoad: 300000, script: 30000}, unhandledPromptBehavior: dismiss and notify, webauthn:extension:credBlob: true, webauthn:extension:largeBlob: true, webauthn:virtualAuthenticators: true}
Session ID: 8fe063b1a6c4df01836b4f3391603af0
