18:25:50.241  INFO  manager.ApplicationManager - All tests run in chrome browser
18:25:51.182  INFO  manager.ApplicationManager - Current Url---->https://contacts-app.tobbymarshall815.vercel.app/home
18:25:51.205  INFO  tests.TestBase - Start method with name--->loginSuccess
18:25:56.266  INFO  tests.TestBase - Test stars with email: mia@gmail.com and password: Mmia12345$
18:25:56.267  INFO  manager.MyListener - WebDriver start find element---->By.cssSelector: [href$='/login']
18:25:56.289  INFO  manager.MyListener - WebDriver found element by locator---->By.cssSelector: [href$='/login']
18:25:56.343  INFO  manager.MyListener - WebDriver start find element---->By.xpath: //input[1]
18:25:56.364  INFO  manager.MyListener - WebDriver found element by locator---->By.xpath: //input[1]
18:25:56.454  INFO  manager.MyListener - WebDriver start find element---->By.xpath: //input[2]
18:25:56.476  INFO  manager.MyListener - WebDriver found element by locator---->By.xpath: //input[2]
18:25:56.560  INFO  manager.MyListener - WebDriver start find element---->By.xpath: //button[1]
18:25:56.578  INFO  manager.MyListener - WebDriver found element by locator---->By.xpath: //button[1]
18:25:57.301  INFO  tests.TestBase - Test passed
18:25:57.308  INFO  tests.TestBase - Start method with name--->loginSuccess2
18:25:57.323  INFO  manager.MyListener - WebDriver start find element---->By.xpath: //button[text()='Sign Out']
18:25:57.340  INFO  manager.MyListener - WebDriver found element by locator---->By.xpath: //button[text()='Sign Out']
18:25:57.374  INFO  tests.TestBase - Test stars with dataLogin
18:25:57.374  INFO  manager.MyListener - WebDriver start find element---->By.cssSelector: [href$='/login']
18:25:57.391  INFO  manager.MyListener - WebDriver found element by locator---->By.cssSelector: [href$='/login']
18:25:57.420  INFO  manager.MyListener - WebDriver start find element---->By.xpath: //input[1]
18:25:57.437  INFO  manager.MyListener - WebDriver found element by locator---->By.xpath: //input[1]
18:25:57.513  INFO  manager.MyListener - WebDriver start find element---->By.xpath: //input[2]
18:25:57.527  INFO  manager.MyListener - WebDriver found element by locator---->By.xpath: //input[2]
18:25:57.599  INFO  manager.MyListener - WebDriver start find element---->By.xpath: //button[1]
18:25:57.616  INFO  manager.MyListener - WebDriver found element by locator---->By.xpath: //button[1]
18:25:57.781  INFO  tests.TestBase - Test passed
18:25:57.782  INFO  tests.TestBase - Start method with name--->loginSuccess2
18:25:57.796  INFO  manager.MyListener - WebDriver start find element---->By.xpath: //button[text()='Sign Out']
18:25:57.809  INFO  manager.MyListener - WebDriver found element by locator---->By.xpath: //button[text()='Sign Out']
18:25:57.844  INFO  tests.TestBase - Test stars with dataLogin
18:25:57.844  INFO  manager.MyListener - WebDriver start find element---->By.cssSelector: [href$='/login']
18:25:57.858  INFO  manager.MyListener - WebDriver found element by locator---->By.cssSelector: [href$='/login']
18:25:57.895  INFO  manager.MyListener - WebDriver start find element---->By.xpath: //input[1]
18:25:57.908  INFO  manager.MyListener - WebDriver found element by locator---->By.xpath: //input[1]
18:25:57.994  INFO  manager.MyListener - WebDriver start find element---->By.xpath: //input[2]
18:25:58.006  INFO  manager.MyListener - WebDriver found element by locator---->By.xpath: //input[2]
18:25:58.086  INFO  manager.MyListener - WebDriver start find element---->By.xpath: //button[1]
18:25:58.098  INFO  manager.MyListener - WebDriver found element by locator---->By.xpath: //button[1]
18:25:58.262  INFO  tests.TestBase - Test passed
18:25:58.263  INFO  tests.TestBase - Start method with name--->loginSuccess2
18:25:58.277  INFO  manager.MyListener - WebDriver start find element---->By.xpath: //button[text()='Sign Out']
18:25:58.291  INFO  manager.MyListener - WebDriver found element by locator---->By.xpath: //button[text()='Sign Out']
18:25:58.332  INFO  tests.TestBase - Test stars with dataLogin
18:25:58.333  INFO  manager.MyListener - WebDriver start find element---->By.cssSelector: [href$='/login']
18:25:58.346  INFO  manager.MyListener - WebDriver found element by locator---->By.cssSelector: [href$='/login']
18:25:58.376  INFO  manager.MyListener - WebDriver start find element---->By.xpath: //input[1]
18:25:58.389  INFO  manager.MyListener - WebDriver found element by locator---->By.xpath: //input[1]
18:25:58.471  INFO  manager.MyListener - WebDriver start find element---->By.xpath: //input[2]
18:25:58.482  INFO  manager.MyListener - WebDriver found element by locator---->By.xpath: //input[2]
18:25:58.562  INFO  manager.MyListener - WebDriver start find element---->By.xpath: //button[1]
18:25:58.573  INFO  manager.MyListener - WebDriver found element by locator---->By.xpath: //button[1]
18:25:58.728  INFO  tests.TestBase - Test passed
18:25:58.729  INFO  tests.TestBase - Start method with name--->loginSuccess2
18:25:58.742  INFO  manager.MyListener - WebDriver start find element---->By.xpath: //button[text()='Sign Out']
18:25:58.752  INFO  manager.MyListener - WebDriver found element by locator---->By.xpath: //button[text()='Sign Out']
18:25:58.783  INFO  tests.TestBase - Test stars with dataLogin
18:25:58.783  INFO  manager.MyListener - WebDriver start find element---->By.cssSelector: [href$='/login']
18:25:58.795  INFO  manager.MyListener - WebDriver found element by locator---->By.cssSelector: [href$='/login']
18:25:58.824  INFO  manager.MyListener - WebDriver start find element---->By.xpath: //input[1]
18:25:58.835  INFO  manager.MyListener - WebDriver found element by locator---->By.xpath: //input[1]
18:25:58.933  INFO  manager.MyListener - WebDriver start find element---->By.xpath: //input[2]
18:25:58.950  INFO  manager.MyListener - WebDriver found element by locator---->By.xpath: //input[2]
18:25:59.033  INFO  manager.MyListener - WebDriver start find element---->By.xpath: //button[1]
18:25:59.045  INFO  manager.MyListener - WebDriver found element by locator---->By.xpath: //button[1]
18:25:59.197  INFO  tests.TestBase - Test passed
18:25:59.198  INFO  tests.TestBase - Start method with name--->loginSuccess3
18:25:59.210  INFO  manager.MyListener - WebDriver start find element---->By.xpath: //button[text()='Sign Out']
18:25:59.221  INFO  manager.MyListener - WebDriver found element by locator---->By.xpath: //button[text()='Sign Out']
18:25:59.252  INFO  tests.TestBase - Test stars with dataLogin
18:25:59.252  INFO  manager.MyListener - WebDriver start find element---->By.cssSelector: [href$='/login']
18:25:59.264  INFO  manager.MyListener - WebDriver found element by locator---->By.cssSelector: [href$='/login']
18:25:59.293  INFO  manager.MyListener - WebDriver start find element---->By.xpath: //input[1]
18:25:59.305  INFO  manager.MyListener - WebDriver found element by locator---->By.xpath: //input[1]
18:25:59.390  INFO  manager.MyListener - WebDriver start find element---->By.xpath: //input[2]
18:25:59.400  INFO  manager.MyListener - WebDriver found element by locator---->By.xpath: //input[2]
18:25:59.481  INFO  manager.MyListener - WebDriver start find element---->By.xpath: //button[1]
18:25:59.492  INFO  manager.MyListener - WebDriver found element by locator---->By.xpath: //button[1]
18:25:59.648  INFO  tests.TestBase - Test passed
18:25:59.649  INFO  tests.TestBase - Start method with name--->loginSuccess3
18:25:59.663  INFO  manager.MyListener - WebDriver start find element---->By.xpath: //button[text()='Sign Out']
18:25:59.675  INFO  manager.MyListener - WebDriver found element by locator---->By.xpath: //button[text()='Sign Out']
18:25:59.707  INFO  tests.TestBase - Test stars with dataLogin
18:25:59.707  INFO  manager.MyListener - WebDriver start find element---->By.cssSelector: [href$='/login']
18:25:59.719  INFO  manager.MyListener - WebDriver found element by locator---->By.cssSelector: [href$='/login']
18:25:59.744  INFO  manager.MyListener - WebDriver start find element---->By.xpath: //input[1]
18:25:59.755  INFO  manager.MyListener - WebDriver found element by locator---->By.xpath: //input[1]
18:25:59.836  INFO  manager.MyListener - WebDriver start find element---->By.xpath: //input[2]
18:25:59.846  INFO  manager.MyListener - WebDriver found element by locator---->By.xpath: //input[2]
18:25:59.921  INFO  manager.MyListener - WebDriver start find element---->By.xpath: //button[1]
18:25:59.931  INFO  manager.MyListener - WebDriver found element by locator---->By.xpath: //button[1]
18:26:00.097  INFO  tests.TestBase - Test passed
18:26:00.098  INFO  tests.TestBase - Start method with name--->loginSuccess3
18:26:00.109  INFO  manager.MyListener - WebDriver start find element---->By.xpath: //button[text()='Sign Out']
18:26:00.120  INFO  manager.MyListener - WebDriver found element by locator---->By.xpath: //button[text()='Sign Out']
18:26:00.152  INFO  tests.TestBase - Test stars with dataLogin
18:26:00.152  INFO  manager.MyListener - WebDriver start find element---->By.cssSelector: [href$='/login']
18:26:00.163  INFO  manager.MyListener - WebDriver found element by locator---->By.cssSelector: [href$='/login']
18:26:00.192  INFO  manager.MyListener - WebDriver start find element---->By.xpath: //input[1]
18:26:00.204  INFO  manager.MyListener - WebDriver found element by locator---->By.xpath: //input[1]
18:26:00.289  INFO  manager.MyListener - WebDriver start find element---->By.xpath: //input[2]
18:26:00.299  INFO  manager.MyListener - WebDriver found element by locator---->By.xpath: //input[2]
18:26:00.379  INFO  manager.MyListener - WebDriver start find element---->By.xpath: //button[1]
18:26:00.389  INFO  manager.MyListener - WebDriver found element by locator---->By.xpath: //button[1]
18:26:00.551  INFO  tests.TestBase - Test passed
18:26:00.552  INFO  tests.TestBase - Start method with name--->loginSuccess3
18:26:00.563  INFO  manager.MyListener - WebDriver start find element---->By.xpath: //button[text()='Sign Out']
18:26:00.573  INFO  manager.MyListener - WebDriver found element by locator---->By.xpath: //button[text()='Sign Out']
18:26:00.603  INFO  tests.TestBase - Test stars with dataLogin
18:26:00.604  INFO  manager.MyListener - WebDriver start find element---->By.cssSelector: [href$='/login']
18:26:00.615  INFO  manager.MyListener - WebDriver found element by locator---->By.cssSelector: [href$='/login']
18:26:00.644  INFO  manager.MyListener - WebDriver start find element---->By.xpath: //input[1]
18:26:00.655  INFO  manager.MyListener - WebDriver found element by locator---->By.xpath: //input[1]
18:26:00.740  INFO  manager.MyListener - WebDriver start find element---->By.xpath: //input[2]
18:26:00.750  INFO  manager.MyListener - WebDriver found element by locator---->By.xpath: //input[2]
18:26:00.833  INFO  manager.MyListener - WebDriver start find element---->By.xpath: //button[1]
18:26:00.844  INFO  manager.MyListener - WebDriver found element by locator---->By.xpath: //button[1]
18:26:01.006  INFO  tests.TestBase - Test passed
