17:35:48.134  INFO  manager.ApplicationManager - All tests run in chrome browser
17:35:48.969  INFO  manager.ApplicationManager - Current Url---->https://contacts-app.tobbymarshall815.vercel.app/home
17:35:48.993  INFO  tests.TestBase - Start method with name--->registrationSuccess
17:35:54.006  INFO  manager.MyListener - WebDriver start find element---->By.cssSelector: [href$='/login']
17:35:54.030  INFO  manager.MyListener - WebDriver found element by locator---->By.cssSelector: [href$='/login']
17:35:54.086  INFO  manager.MyListener - WebDriver start find element---->By.xpath: //input[1]
17:35:54.146  INFO  manager.MyListener - WebDriver found element by locator---->By.xpath: //input[1]
17:35:54.258  INFO  manager.MyListener - WebDriver start find element---->By.xpath: //input[2]
17:35:54.278  INFO  manager.MyListener - WebDriver found element by locator---->By.xpath: //input[2]
17:35:54.353  INFO  manager.MyListener - WebDriver start find element---->By.xpath: //button[2]
17:35:54.371  INFO  manager.MyListener - WebDriver found element by locator---->By.xpath: //button[2]
17:35:54.406  INFO  tests.TestBase - Start method with name--->registrationSuccess2
17:35:55.046  INFO  manager.MyListener - WebDriver start find element---->By.xpath: //button[text()='Sign Out']
17:35:55.062  INFO  manager.MyListener - WebDriver found element by locator---->By.xpath: //button[text()='Sign Out']
17:35:55.097  INFO  manager.MyListener - WebDriver start find element---->By.cssSelector: [href$='/login']
17:35:55.114  INFO  manager.MyListener - WebDriver found element by locator---->By.cssSelector: [href$='/login']
17:35:55.143  INFO  manager.MyListener - WebDriver start find element---->By.xpath: //input[1]
17:35:55.157  INFO  manager.MyListener - WebDriver found element by locator---->By.xpath: //input[1]
17:35:55.251  INFO  manager.MyListener - WebDriver start find element---->By.xpath: //input[2]
17:35:55.268  INFO  manager.MyListener - WebDriver found element by locator---->By.xpath: //input[2]
17:35:55.348  INFO  manager.MyListener - WebDriver start find element---->By.xpath: //button[2]
17:35:55.361  INFO  manager.MyListener - WebDriver found element by locator---->By.xpath: //button[2]
17:35:55.388  INFO  tests.TestBase - Start method with name--->registrationSuccess2
17:35:55.535  INFO  manager.MyListener - WebDriver start find element---->By.xpath: //button[text()='Sign Out']
17:35:55.549  INFO  manager.MyListener - WebDriver found element by locator---->By.xpath: //button[text()='Sign Out']
17:35:55.585  INFO  manager.MyListener - WebDriver start find element---->By.cssSelector: [href$='/login']
17:35:55.601  INFO  manager.MyListener - WebDriver found element by locator---->By.cssSelector: [href$='/login']
17:35:55.632  INFO  manager.MyListener - WebDriver start find element---->By.xpath: //input[1]
17:35:55.651  INFO  manager.MyListener - WebDriver found element by locator---->By.xpath: //input[1]
17:35:55.724  INFO  manager.MyListener - WebDriver start find element---->By.xpath: //input[2]
17:35:55.736  INFO  manager.MyListener - WebDriver found element by locator---->By.xpath: //input[2]
17:35:55.808  INFO  manager.MyListener - WebDriver start find element---->By.xpath: //button[2]
17:35:55.822  INFO  manager.MyListener - WebDriver found element by locator---->By.xpath: //button[2]
17:35:55.848  INFO  tests.TestBase - Start method with name--->registrationSuccess2
17:35:55.981  INFO  manager.MyListener - WebDriver start find element---->By.xpath: //button[text()='Sign Out']
17:35:55.993  INFO  manager.MyListener - WebDriver found element by locator---->By.xpath: //button[text()='Sign Out']
17:35:56.024  INFO  manager.MyListener - WebDriver start find element---->By.cssSelector: [href$='/login']
17:35:56.037  INFO  manager.MyListener - WebDriver found element by locator---->By.cssSelector: [href$='/login']
17:35:56.068  INFO  manager.MyListener - WebDriver start find element---->By.xpath: //input[1]
17:35:56.092  INFO  manager.MyListener - WebDriver found element by locator---->By.xpath: //input[1]
17:35:56.180  INFO  manager.MyListener - WebDriver start find element---->By.xpath: //input[2]
17:35:56.191  INFO  manager.MyListener - WebDriver found element by locator---->By.xpath: //input[2]
17:35:56.274  INFO  manager.MyListener - WebDriver start find element---->By.xpath: //button[2]
17:35:56.286  INFO  manager.MyListener - WebDriver found element by locator---->By.xpath: //button[2]
