17:12:13.044  INFO  manager.ApplicationManager - All tests run in chrome browser
17:12:13.883  INFO  manager.ApplicationManager - Current Url---->https://contacts-app.tobbymarshall815.vercel.app/home
17:12:13.911  INFO  tests.TestBase - Start method with name--->loginSuccess2
17:12:18.955  INFO  tests.TestBase - Test stars with dataLogin
17:12:18.955  INFO  manager.MyListener - WebDriver start find element---->By.cssSelector: [href$='/login']
17:12:18.979  INFO  manager.MyListener - WebDriver found element by locator---->By.cssSelector: [href$='/login']
17:12:19.032  INFO  manager.MyListener - WebDriver start find element---->By.xpath: //input[1]
17:12:19.082  INFO  manager.MyListener - WebDriver found element by locator---->By.xpath: //input[1]
17:12:19.901  INFO  manager.MyListener - WebDriver start find element---->By.xpath: //input[2]
17:12:19.921  INFO  manager.MyListener - WebDriver found element by locator---->By.xpath: //input[2]
17:12:20.007  INFO  manager.MyListener - WebDriver start find element---->By.xpath: //button[1]
17:12:20.025  INFO  manager.MyListener - WebDriver found element by locator---->By.xpath: //button[1]
17:12:20.691  INFO  tests.TestBase - Start method with name--->loginSuccess2
17:12:20.707  INFO  manager.MyListener - The name of method with error-->findElements
17:12:20.709  INFO  manager.MyListener - We have a problem--->org.openqa.selenium.UnhandledAlertException: unexpected alert open: {Alert text : Undefined Error 500}
  (Session info: chrome=103.0.5060.134): Undefined Error 500
Build info: version: '4.2.2', revision: '683ccb65d6'
System info: host: 'DESKTOP-O54QV38', ip: '192.168.14.148', os.name: 'Windows 10', os.arch: 'amd64', os.version: '10.0', java.version: '13.0.2'
Driver info: org.openqa.selenium.chrome.ChromeDriver
Command: [3aa9f70e2fe642d97a0d160ef02d985d, findElements {using=xpath, value=//button[text()='Sign Out']}]
Capabilities {acceptInsecureCerts: false, browserName: chrome, browserVersion: 103.0.5060.134, chrome: {chromedriverVersion: 102.0.5005.27 (df4a85108ffa..., userDataDir: C:\Users\allan\AppData\Loca...}, goog:chromeOptions: {debuggerAddress: localhost:61301}, networkConnectionEnabled: false, pageLoadStrategy: normal, platformName: WINDOWS, proxy: Proxy(), se:cdp: ws://localhost:61301/devtoo..., se:cdpVersion: 103.0.5060.134, setWindowRect: true, strictFileInteractability: false, timeouts: {implicit: 0, pageLoad: 300000, script: 30000}, unhandledPromptBehavior: dismiss and notify, webauthn:extension:credBlob: true, webauthn:extension:largeBlob: true, webauthn:virtualAuthenticators: true}
Session ID: 3aa9f70e2fe642d97a0d160ef02d985d
