17:14:53.955  INFO  manager.ApplicationManager - All tests run in chrome browser
17:14:54.822  INFO  manager.ApplicationManager - Current Url---->https://contacts-app.tobbymarshall815.vercel.app/home
17:14:54.849  INFO  tests.TestBase - Start method with name--->loginSuccess2
17:14:59.894  INFO  tests.TestBase - Test stars with dataLogin
17:14:59.894  INFO  manager.MyListener - WebDriver start find element---->By.cssSelector: [href$='/login']
17:14:59.916  INFO  manager.MyListener - WebDriver found element by locator---->By.cssSelector: [href$='/login']
17:14:59.966  INFO  manager.MyListener - WebDriver start find element---->By.xpath: //input[1]
17:14:59.994  INFO  manager.MyListener - WebDriver found element by locator---->By.xpath: //input[1]
17:15:00.805  INFO  manager.MyListener - WebDriver start find element---->By.xpath: //input[2]
17:15:00.825  INFO  manager.MyListener - WebDriver found element by locator---->By.xpath: //input[2]
17:15:00.914  INFO  manager.MyListener - WebDriver start find element---->By.xpath: //button[1]
17:15:00.932  INFO  manager.MyListener - WebDriver found element by locator---->By.xpath: //button[1]
17:15:01.597  INFO  tests.TestBase - Test passed
17:15:01.599  INFO  tests.TestBase - Start method with name--->loginSuccess2
17:15:01.616  INFO  manager.MyListener - WebDriver start find element---->By.xpath: //button[text()='Sign Out']
17:15:01.634  INFO  manager.MyListener - WebDriver found element by locator---->By.xpath: //button[text()='Sign Out']
17:15:01.667  INFO  tests.TestBase - Test stars with dataLogin
17:15:01.668  INFO  manager.MyListener - WebDriver start find element---->By.cssSelector: [href$='/login']
17:15:01.683  INFO  manager.MyListener - WebDriver found element by locator---->By.cssSelector: [href$='/login']
17:15:01.710  INFO  manager.MyListener - WebDriver start find element---->By.xpath: //input[1]
17:15:01.725  INFO  manager.MyListener - WebDriver found element by locator---->By.xpath: //input[1]
17:15:02.441  INFO  manager.MyListener - WebDriver start find element---->By.xpath: //input[2]
17:15:02.458  INFO  manager.MyListener - WebDriver found element by locator---->By.xpath: //input[2]
17:15:02.541  INFO  manager.MyListener - WebDriver start find element---->By.xpath: //button[1]
17:15:02.554  INFO  manager.MyListener - WebDriver found element by locator---->By.xpath: //button[1]
17:15:02.719  INFO  tests.TestBase - Test passed
17:15:02.720  INFO  tests.TestBase - Start method with name--->loginSuccess2
17:15:02.733  INFO  manager.MyListener - WebDriver start find element---->By.xpath: //button[text()='Sign Out']
17:15:02.746  INFO  manager.MyListener - WebDriver found element by locator---->By.xpath: //button[text()='Sign Out']
17:15:02.780  INFO  tests.TestBase - Test stars with dataLogin
17:15:02.780  INFO  manager.MyListener - WebDriver start find element---->By.cssSelector: [href$='/login']
17:15:02.795  INFO  manager.MyListener - WebDriver found element by locator---->By.cssSelector: [href$='/login']
17:15:02.823  INFO  manager.MyListener - WebDriver start find element---->By.xpath: //input[1]
17:15:02.837  INFO  manager.MyListener - WebDriver found element by locator---->By.xpath: //input[1]
17:15:03.553  INFO  manager.MyListener - WebDriver start find element---->By.xpath: //input[2]
17:15:03.569  INFO  manager.MyListener - WebDriver found element by locator---->By.xpath: //input[2]
17:15:03.650  INFO  manager.MyListener - WebDriver start find element---->By.xpath: //button[1]
17:15:03.661  INFO  manager.MyListener - WebDriver found element by locator---->By.xpath: //button[1]
17:15:03.817  INFO  tests.TestBase - Test passed
17:15:03.818  INFO  tests.TestBase - Start method with name--->loginSuccess2
17:15:03.831  INFO  manager.MyListener - WebDriver start find element---->By.xpath: //button[text()='Sign Out']
17:15:03.844  INFO  manager.MyListener - WebDriver found element by locator---->By.xpath: //button[text()='Sign Out']
17:15:03.876  INFO  tests.TestBase - Test stars with dataLogin
17:15:03.877  INFO  manager.MyListener - WebDriver start find element---->By.cssSelector: [href$='/login']
17:15:03.893  INFO  manager.MyListener - WebDriver found element by locator---->By.cssSelector: [href$='/login']
17:15:03.923  INFO  manager.MyListener - WebDriver start find element---->By.xpath: //input[1]
17:15:03.936  INFO  manager.MyListener - WebDriver found element by locator---->By.xpath: //input[1]
17:15:04.633  INFO  manager.MyListener - WebDriver start find element---->By.xpath: //input[2]
17:15:04.645  INFO  manager.MyListener - WebDriver found element by locator---->By.xpath: //input[2]
17:15:04.725  INFO  manager.MyListener - WebDriver start find element---->By.xpath: //button[1]
17:15:04.736  INFO  manager.MyListener - WebDriver found element by locator---->By.xpath: //button[1]
17:15:04.903  INFO  tests.TestBase - Test passed
